<?xml version="1.0" encoding="UTF-8"?>
<!-- Generated by org.testng.reporters.JUnitReportReporter -->
<testsuite hostname="DESKTOP-EJV9B01" failures="0" tests="1" name="StudentRegistrationTests" time="3.238" errors="0" timestamp="2021-05-17T21:04:15 EDT" skipped="0">
  <testcase classname="StudentRegistrationTests" name="canSubmitMinimunForm" time="3.238"/>
  <system-out/>
</testsuite> <!-- StudentRegistrationTests -->
