<?xml version="1.0" encoding="UTF-8"?>
<!-- Generated by org.testng.reporters.JUnitReportReporter -->
<testsuite hostname="DESKTOP-EJV9B01" failures="0" tests="1" name="RadioButtonTests" time="1.664" errors="0" timestamp="2021-05-19T16:15:02 EDT" skipped="0">
  <testcase classname="RadioButtonTests" name="canClickRadioButton" time="1.664"/>
  <system-out/>
</testsuite> <!-- RadioButtonTests -->
