<?xml version="1.0" encoding="UTF-8"?>
<!-- Generated by org.testng.reporters.JUnitReportReporter -->
<testsuite hostname="DESKTOP-EJV9B01" failures="0" tests="1" name="DynamicPropertiesTests" time="6.150" errors="0" timestamp="2021-05-20T18:44:26 EDT" skipped="0">
  <testcase classname="DynamicPropertiesTests" name="VisibleTest" time="6.150"/>
  <system-out/>
</testsuite> <!-- DynamicPropertiesTests -->
