<?xml version="1.0" encoding="UTF-8"?>
<!-- Generated by org.testng.reporters.JUnitReportReporter -->
<testsuite hostname="DESKTOP-EJV9B01" failures="0" tests="1" name="tests.ReactTableTests" time="4.200" errors="0" timestamp="2021-05-25T20:47:14 EDT" skipped="0">
  <testcase classname="tests.ReactTableTests" name="canFindRowNumberByCellValue" time="4.200"/>
  <system-out/>
</testsuite> <!-- tests.ReactTableTests -->
