<?xml version="1.0" encoding="UTF-8"?>
<!-- Generated by org.testng.reporters.JUnitReportReporter -->
<testsuite hostname="DESKTOP-EJV9B01" failures="0" tests="1" name="LinksTests" time="1.636" errors="0" timestamp="2021-05-20T18:30:12 EDT" skipped="0">
  <testcase classname="LinksTests" name="clickCreateHyperlink" time="1.636"/>
  <system-out/>
</testsuite> <!-- LinksTests -->
