<?xml version="1.0" encoding="UTF-8"?>
<!-- Generated by org.testng.reporters.JUnitReportReporter -->
<testsuite hostname="DESKTOP-EJV9B01" failures="0" tests="1" name="tests.DynamicPropertiesTests" time="6.341" errors="0" timestamp="2021-05-24T21:21:12 EDT" skipped="0">
  <testcase classname="tests.DynamicPropertiesTests" name="VisibleTest" time="6.341"/>
  <system-out/>
</testsuite> <!-- tests.DynamicPropertiesTests -->
