<?xml version="1.0" encoding="UTF-8"?>
<!-- Generated by org.testng.reporters.JUnitReportReporter -->
<testsuite hostname="DESKTOP-EJV9B01" failures="0" tests="1" name="tests.ReadCSVFile" time="2.148" errors="0" timestamp="2021-05-31T18:55:26 EDT" skipped="0">
  <testcase classname="tests.ReadCSVFile" name="ReadFile" time="2.148"/>
  <system-out/>
</testsuite> <!-- tests.ReadCSVFile -->
