<?xml version="1.0" encoding="UTF-8"?>
<!-- Generated by org.testng.reporters.JUnitReportReporter -->
<testsuite hostname="DESKTOP-EJV9B01" failures="0" tests="1" name="tests.ButtonAlertTests" time="4.025" errors="0" timestamp="2021-05-26T20:56:50 EDT" skipped="0">
  <testcase classname="tests.ButtonAlertTests" name="clickandGetName" time="4.025"/>
  <system-out/>
</testsuite> <!-- tests.ButtonAlertTests -->
