<?xml version="1.0" encoding="UTF-8"?>
<!-- Generated by org.testng.reporters.JUnitReportReporter -->
<testsuite hostname="DESKTOP-EJV9B01" failures="0" tests="1" name="TextBoxTests" time="2.312" errors="0" timestamp="2021-05-19T15:59:46 EDT" skipped="0">
  <testcase classname="TextBoxTests" name="canSubmitTextBox" time="2.312"/>
  <system-out/>
</testsuite> <!-- TextBoxTests -->
