<?xml version="1.0" encoding="UTF-8"?>
<!-- Generated by org.testng.reporters.JUnitReportReporter -->
<testsuite hostname="DESKTOP-EJV9B01" failures="0" tests="2" name="ButtonTests" time="3.002" errors="0" timestamp="2021-05-17T19:42:15 EDT" skipped="0">
  <testcase classname="ButtonTests" name="canClickButton" time="2.312"/>
  <system-out/>
  <testcase classname="ButtonTests" name="canDoubleClickButton" time="0.690"/>
  <system-out/>
</testsuite> <!-- ButtonTests -->
