<?xml version="1.0" encoding="UTF-8"?>
<!-- Generated by org.testng.reporters.JUnitReportReporter -->
<testsuite hostname="DESKTOP-EJV9B01" failures="0" tests="1" name="NewTest" time="3.628" errors="0" timestamp="2021-05-15T12:30:03 EDT" skipped="0">
  <testcase classname="NewTest" name="canClickButtonAndGetResult" time="3.628"/>
  <system-out/>
</testsuite> <!-- NewTest -->
