<?xml version="1.0" encoding="UTF-8"?>
<!-- Generated by org.testng.reporters.JUnitReportReporter -->
<testsuite hostname="DESKTOP-EJV9B01" failures="0" tests="1" name="tests.DragAndDropTest" time="4.691" errors="0" timestamp="2021-05-27T14:43:28 EDT" skipped="0">
  <testcase classname="tests.DragAndDropTest" name="DragAndDrop" time="4.691"/>
  <system-out/>
</testsuite> <!-- tests.DragAndDropTest -->
