<?xml version="1.0" encoding="UTF-8"?>
<!-- Generated by org.testng.reporters.JUnitReportReporter -->
<testsuite hostname="DESKTOP-EJV9B01" failures="0" tests="1" name="tests.ButtonTests" time="4.712" errors="0" timestamp="2021-05-26T20:13:14 EDT" skipped="0">
  <testcase classname="tests.ButtonTests" name="canRightClickButton" time="4.712"/>
  <system-out/>
</testsuite> <!-- tests.ButtonTests -->
