<?xml version="1.0" encoding="UTF-8"?>
<!-- Generated by org.testng.reporters.JUnitReportReporter -->
<testsuite hostname="DESKTOP-EJV9B01" failures="0" tests="1" name="tests.canGetValueFromConfigFile" time="2.108" errors="0" timestamp="2021-05-31T16:33:58 EDT" skipped="0">
  <testcase classname="tests.canGetValueFromConfigFile" name="getBrowserType" time="2.108"/>
  <system-out/>
</testsuite> <!-- tests.canGetValueFromConfigFile -->
